ERROR - 2023-06-23 11:53:05 --> Error connecting to the database: No connection could be made because the target machine actively refused it
ERROR - 2023-06-23 11:53:35 --> Error connecting to the database: No connection could be made because the target machine actively refused it
CRITICAL - 2023-06-23 11:53:35 --> Unable to connect to the database.
Main connection [MySQLi]: No connection could be made because the target machine actively refused it
#0 C:\Users\Sasa\Downloads\Fuzzy-Ahp-CodeIgniter4-master\system\Database\Database.php(67): CodeIgniter\Database\BaseConnection->initialize()
#1 C:\Users\Sasa\Downloads\Fuzzy-Ahp-CodeIgniter4-master\system\Database\Config.php(105): CodeIgniter\Database\Database->loadForge(Object(CodeIgniter\Database\MySQLi\Connection))
#2 C:\Users\Sasa\Downloads\Fuzzy-Ahp-CodeIgniter4-master\system\Database\Seeder.php(98): CodeIgniter\Database\Config::forge(NULL)
#3 C:\Users\Sasa\Downloads\Fuzzy-Ahp-CodeIgniter4-master\system\Commands\Database\Seed.php(69): CodeIgniter\Database\Seeder->__construct(Object(Config\Database))
#4 C:\Users\Sasa\Downloads\Fuzzy-Ahp-CodeIgniter4-master\system\CLI\Commands.php(63): CodeIgniter\Commands\Database\Seed->run(Array)
#5 C:\Users\Sasa\Downloads\Fuzzy-Ahp-CodeIgniter4-master\system\CLI\CommandRunner.php(70): CodeIgniter\CLI\Commands->run('db:seed', Array)
#6 C:\Users\Sasa\Downloads\Fuzzy-Ahp-CodeIgniter4-master\system\CLI\CommandRunner.php(56): CodeIgniter\CLI\CommandRunner->index(Array)
#7 C:\Users\Sasa\Downloads\Fuzzy-Ahp-CodeIgniter4-master\system\CodeIgniter.php(830): CodeIgniter\CLI\CommandRunner->_remap('index', 'db:seed')
#8 C:\Users\Sasa\Downloads\Fuzzy-Ahp-CodeIgniter4-master\system\CodeIgniter.php(419): CodeIgniter\CodeIgniter->runController(Object(CodeIgniter\CLI\CommandRunner))
#9 C:\Users\Sasa\Downloads\Fuzzy-Ahp-CodeIgniter4-master\system\CodeIgniter.php(326): CodeIgniter\CodeIgniter->handleRequest(NULL, Object(Config\Cache), false)
#10 C:\Users\Sasa\Downloads\Fuzzy-Ahp-CodeIgniter4-master\system\CLI\Console.php(48): CodeIgniter\CodeIgniter->run()
#11 C:\Users\Sasa\Downloads\Fuzzy-Ahp-CodeIgniter4-master\spark(63): CodeIgniter\CLI\Console->run()
#12 {main}
ERROR - 2023-06-23 11:55:11 --> Error connecting to the database: No connection could be made because the target machine actively refused it
CRITICAL - 2023-06-23 11:55:11 --> Unable to connect to the database.
Main connection [MySQLi]: No connection could be made because the target machine actively refused it
#0 C:\Users\Sasa\Downloads\Fuzzy-Ahp-CodeIgniter4-master\system\Database\BaseConnection.php(577): CodeIgniter\Database\BaseConnection->initialize()
#1 C:\Users\Sasa\Downloads\Fuzzy-Ahp-CodeIgniter4-master\system\Database\BaseBuilder.php(1455): CodeIgniter\Database\BaseConnection->query('SELECT *\nFROM `...', Array, false)
#2 C:\Users\Sasa\Downloads\Fuzzy-Ahp-CodeIgniter4-master\system\Model.php(210): CodeIgniter\Database\BaseBuilder->get()
#3 C:\Users\Sasa\Downloads\Fuzzy-Ahp-CodeIgniter4-master\system\BaseModel.php(622): CodeIgniter\Model->doFirst()
#4 C:\Users\Sasa\Downloads\Fuzzy-Ahp-CodeIgniter4-master\app\Controllers\Auth.php(25): CodeIgniter\BaseModel->first()
#5 C:\Users\Sasa\Downloads\Fuzzy-Ahp-CodeIgniter4-master\system\CodeIgniter.php(832): App\Controllers\Auth->validasi()
#6 C:\Users\Sasa\Downloads\Fuzzy-Ahp-CodeIgniter4-master\system\CodeIgniter.php(419): CodeIgniter\CodeIgniter->runController(Object(App\Controllers\Auth))
#7 C:\Users\Sasa\Downloads\Fuzzy-Ahp-CodeIgniter4-master\system\CodeIgniter.php(326): CodeIgniter\CodeIgniter->handleRequest(NULL, Object(Config\Cache), false)
#8 C:\Users\Sasa\Downloads\Fuzzy-Ahp-CodeIgniter4-master\public\index.php(37): CodeIgniter\CodeIgniter->run()
#9 C:\Users\Sasa\Downloads\Fuzzy-Ahp-CodeIgniter4-master\system\Commands\Server\rewrite.php(43): require_once('C:\\Users\\Sasa\\D...')
#10 {main}
ERROR - 2023-06-23 12:12:32 --> Error connecting to the database: No connection could be made because the target machine actively refused it
CRITICAL - 2023-06-23 12:12:32 --> Unable to connect to the database.
Main connection [MySQLi]: No connection could be made because the target machine actively refused it
#0 C:\Users\Sasa\Downloads\Fuzzy-Ahp-CodeIgniter4-master\system\Database\BaseConnection.php(577): CodeIgniter\Database\BaseConnection->initialize()
#1 C:\Users\Sasa\Downloads\Fuzzy-Ahp-CodeIgniter4-master\system\Database\BaseBuilder.php(1455): CodeIgniter\Database\BaseConnection->query('SELECT *\nFROM `...', Array, false)
#2 C:\Users\Sasa\Downloads\Fuzzy-Ahp-CodeIgniter4-master\system\Model.php(210): CodeIgniter\Database\BaseBuilder->get()
#3 C:\Users\Sasa\Downloads\Fuzzy-Ahp-CodeIgniter4-master\system\BaseModel.php(622): CodeIgniter\Model->doFirst()
#4 C:\Users\Sasa\Downloads\Fuzzy-Ahp-CodeIgniter4-master\app\Controllers\Auth.php(25): CodeIgniter\BaseModel->first()
#5 C:\Users\Sasa\Downloads\Fuzzy-Ahp-CodeIgniter4-master\system\CodeIgniter.php(832): App\Controllers\Auth->validasi()
#6 C:\Users\Sasa\Downloads\Fuzzy-Ahp-CodeIgniter4-master\system\CodeIgniter.php(419): CodeIgniter\CodeIgniter->runController(Object(App\Controllers\Auth))
#7 C:\Users\Sasa\Downloads\Fuzzy-Ahp-CodeIgniter4-master\system\CodeIgniter.php(326): CodeIgniter\CodeIgniter->handleRequest(NULL, Object(Config\Cache), false)
#8 C:\Users\Sasa\Downloads\Fuzzy-Ahp-CodeIgniter4-master\public\index.php(37): CodeIgniter\CodeIgniter->run()
#9 C:\Users\Sasa\Downloads\Fuzzy-Ahp-CodeIgniter4-master\system\Commands\Server\rewrite.php(43): require_once('C:\\Users\\Sasa\\D...')
#10 {main}
ERROR - 2023-06-23 12:12:55 --> Error connecting to the database: No connection could be made because the target machine actively refused it
CRITICAL - 2023-06-23 12:12:55 --> Unable to connect to the database.
Main connection [MySQLi]: No connection could be made because the target machine actively refused it
#0 C:\Users\Sasa\Downloads\Fuzzy-Ahp-CodeIgniter4-master\system\Database\BaseConnection.php(577): CodeIgniter\Database\BaseConnection->initialize()
#1 C:\Users\Sasa\Downloads\Fuzzy-Ahp-CodeIgniter4-master\system\Database\BaseBuilder.php(1455): CodeIgniter\Database\BaseConnection->query('SELECT *\nFROM `...', Array, false)
#2 C:\Users\Sasa\Downloads\Fuzzy-Ahp-CodeIgniter4-master\system\Model.php(210): CodeIgniter\Database\BaseBuilder->get()
#3 C:\Users\Sasa\Downloads\Fuzzy-Ahp-CodeIgniter4-master\system\BaseModel.php(622): CodeIgniter\Model->doFirst()
#4 C:\Users\Sasa\Downloads\Fuzzy-Ahp-CodeIgniter4-master\app\Controllers\Auth.php(25): CodeIgniter\BaseModel->first()
#5 C:\Users\Sasa\Downloads\Fuzzy-Ahp-CodeIgniter4-master\system\CodeIgniter.php(832): App\Controllers\Auth->validasi()
#6 C:\Users\Sasa\Downloads\Fuzzy-Ahp-CodeIgniter4-master\system\CodeIgniter.php(419): CodeIgniter\CodeIgniter->runController(Object(App\Controllers\Auth))
#7 C:\Users\Sasa\Downloads\Fuzzy-Ahp-CodeIgniter4-master\system\CodeIgniter.php(326): CodeIgniter\CodeIgniter->handleRequest(NULL, Object(Config\Cache), false)
#8 C:\Users\Sasa\Downloads\Fuzzy-Ahp-CodeIgniter4-master\public\index.php(37): CodeIgniter\CodeIgniter->run()
#9 C:\Users\Sasa\Downloads\Fuzzy-Ahp-CodeIgniter4-master\system\Commands\Server\rewrite.php(43): require_once('C:\\Users\\Sasa\\D...')
#10 {main}
ERROR - 2023-06-23 12:13:05 --> Error connecting to the database: No connection could be made because the target machine actively refused it
CRITICAL - 2023-06-23 12:13:05 --> Unable to connect to the database.
Main connection [MySQLi]: No connection could be made because the target machine actively refused it
#0 C:\Users\Sasa\Downloads\Fuzzy-Ahp-CodeIgniter4-master\system\Database\BaseConnection.php(577): CodeIgniter\Database\BaseConnection->initialize()
#1 C:\Users\Sasa\Downloads\Fuzzy-Ahp-CodeIgniter4-master\system\Database\BaseBuilder.php(1455): CodeIgniter\Database\BaseConnection->query('SELECT *\nFROM `...', Array, false)
#2 C:\Users\Sasa\Downloads\Fuzzy-Ahp-CodeIgniter4-master\system\Model.php(210): CodeIgniter\Database\BaseBuilder->get()
#3 C:\Users\Sasa\Downloads\Fuzzy-Ahp-CodeIgniter4-master\system\BaseModel.php(622): CodeIgniter\Model->doFirst()
#4 C:\Users\Sasa\Downloads\Fuzzy-Ahp-CodeIgniter4-master\app\Controllers\Auth.php(25): CodeIgniter\BaseModel->first()
#5 C:\Users\Sasa\Downloads\Fuzzy-Ahp-CodeIgniter4-master\system\CodeIgniter.php(832): App\Controllers\Auth->validasi()
#6 C:\Users\Sasa\Downloads\Fuzzy-Ahp-CodeIgniter4-master\system\CodeIgniter.php(419): CodeIgniter\CodeIgniter->runController(Object(App\Controllers\Auth))
#7 C:\Users\Sasa\Downloads\Fuzzy-Ahp-CodeIgniter4-master\system\CodeIgniter.php(326): CodeIgniter\CodeIgniter->handleRequest(NULL, Object(Config\Cache), false)
#8 C:\Users\Sasa\Downloads\Fuzzy-Ahp-CodeIgniter4-master\public\index.php(37): CodeIgniter\CodeIgniter->run()
#9 C:\Users\Sasa\Downloads\Fuzzy-Ahp-CodeIgniter4-master\system\Commands\Server\rewrite.php(43): require_once('C:\\Users\\Sasa\\D...')
#10 {main}
ERROR - 2023-06-23 12:13:09 --> Error connecting to the database: No connection could be made because the target machine actively refused it
CRITICAL - 2023-06-23 12:13:09 --> Unable to connect to the database.
Main connection [MySQLi]: No connection could be made because the target machine actively refused it
#0 C:\Users\Sasa\Downloads\Fuzzy-Ahp-CodeIgniter4-master\system\Database\BaseConnection.php(577): CodeIgniter\Database\BaseConnection->initialize()
#1 C:\Users\Sasa\Downloads\Fuzzy-Ahp-CodeIgniter4-master\system\Database\BaseBuilder.php(1455): CodeIgniter\Database\BaseConnection->query('SELECT *\nFROM `...', Array, false)
#2 C:\Users\Sasa\Downloads\Fuzzy-Ahp-CodeIgniter4-master\system\Model.php(210): CodeIgniter\Database\BaseBuilder->get()
#3 C:\Users\Sasa\Downloads\Fuzzy-Ahp-CodeIgniter4-master\system\BaseModel.php(622): CodeIgniter\Model->doFirst()
#4 C:\Users\Sasa\Downloads\Fuzzy-Ahp-CodeIgniter4-master\app\Controllers\Auth.php(25): CodeIgniter\BaseModel->first()
#5 C:\Users\Sasa\Downloads\Fuzzy-Ahp-CodeIgniter4-master\system\CodeIgniter.php(832): App\Controllers\Auth->validasi()
#6 C:\Users\Sasa\Downloads\Fuzzy-Ahp-CodeIgniter4-master\system\CodeIgniter.php(419): CodeIgniter\CodeIgniter->runController(Object(App\Controllers\Auth))
#7 C:\Users\Sasa\Downloads\Fuzzy-Ahp-CodeIgniter4-master\system\CodeIgniter.php(326): CodeIgniter\CodeIgniter->handleRequest(NULL, Object(Config\Cache), false)
#8 C:\Users\Sasa\Downloads\Fuzzy-Ahp-CodeIgniter4-master\public\index.php(37): CodeIgniter\CodeIgniter->run()
#9 C:\Users\Sasa\Downloads\Fuzzy-Ahp-CodeIgniter4-master\system\Commands\Server\rewrite.php(43): require_once('C:\\Users\\Sasa\\D...')
#10 {main}
ERROR - 2023-06-23 12:13:49 --> Error connecting to the database: No connection could be made because the target machine actively refused it
CRITICAL - 2023-06-23 12:13:49 --> Unable to connect to the database.
Main connection [MySQLi]: No connection could be made because the target machine actively refused it
#0 C:\Users\Sasa\Downloads\Fuzzy-Ahp-CodeIgniter4-master\system\Database\Database.php(67): CodeIgniter\Database\BaseConnection->initialize()
#1 C:\Users\Sasa\Downloads\Fuzzy-Ahp-CodeIgniter4-master\system\Database\Config.php(105): CodeIgniter\Database\Database->loadForge(Object(CodeIgniter\Database\MySQLi\Connection))
#2 C:\Users\Sasa\Downloads\Fuzzy-Ahp-CodeIgniter4-master\system\Database\Seeder.php(98): CodeIgniter\Database\Config::forge(NULL)
#3 C:\Users\Sasa\Downloads\Fuzzy-Ahp-CodeIgniter4-master\system\Commands\Database\Seed.php(69): CodeIgniter\Database\Seeder->__construct(Object(Config\Database))
#4 C:\Users\Sasa\Downloads\Fuzzy-Ahp-CodeIgniter4-master\system\CLI\Commands.php(63): CodeIgniter\Commands\Database\Seed->run(Array)
#5 C:\Users\Sasa\Downloads\Fuzzy-Ahp-CodeIgniter4-master\system\CLI\CommandRunner.php(70): CodeIgniter\CLI\Commands->run('db:seed', Array)
#6 C:\Users\Sasa\Downloads\Fuzzy-Ahp-CodeIgniter4-master\system\CLI\CommandRunner.php(56): CodeIgniter\CLI\CommandRunner->index(Array)
#7 C:\Users\Sasa\Downloads\Fuzzy-Ahp-CodeIgniter4-master\system\CodeIgniter.php(830): CodeIgniter\CLI\CommandRunner->_remap('index', 'db:seed')
#8 C:\Users\Sasa\Downloads\Fuzzy-Ahp-CodeIgniter4-master\system\CodeIgniter.php(419): CodeIgniter\CodeIgniter->runController(Object(CodeIgniter\CLI\CommandRunner))
#9 C:\Users\Sasa\Downloads\Fuzzy-Ahp-CodeIgniter4-master\system\CodeIgniter.php(326): CodeIgniter\CodeIgniter->handleRequest(NULL, Object(Config\Cache), false)
#10 C:\Users\Sasa\Downloads\Fuzzy-Ahp-CodeIgniter4-master\system\CLI\Console.php(48): CodeIgniter\CodeIgniter->run()
#11 C:\Users\Sasa\Downloads\Fuzzy-Ahp-CodeIgniter4-master\spark(63): CodeIgniter\CLI\Console->run()
#12 {main}
ERROR - 2023-06-23 12:37:03 --> Error connecting to the database: MySQL server has gone away
CRITICAL - 2023-06-23 12:37:03 --> Unable to connect to the database.
Main connection [MySQLi]: MySQL server has gone away
#0 C:\Users\Sasa\Downloads\Fuzzy-Ahp-CodeIgniter4-master\system\Database\Database.php(67): CodeIgniter\Database\BaseConnection->initialize()
#1 C:\Users\Sasa\Downloads\Fuzzy-Ahp-CodeIgniter4-master\system\Database\Config.php(105): CodeIgniter\Database\Database->loadForge(Object(CodeIgniter\Database\MySQLi\Connection))
#2 C:\Users\Sasa\Downloads\Fuzzy-Ahp-CodeIgniter4-master\system\Database\Seeder.php(98): CodeIgniter\Database\Config::forge(NULL)
#3 C:\Users\Sasa\Downloads\Fuzzy-Ahp-CodeIgniter4-master\system\Commands\Database\Seed.php(69): CodeIgniter\Database\Seeder->__construct(Object(Config\Database))
#4 C:\Users\Sasa\Downloads\Fuzzy-Ahp-CodeIgniter4-master\system\CLI\Commands.php(63): CodeIgniter\Commands\Database\Seed->run(Array)
#5 C:\Users\Sasa\Downloads\Fuzzy-Ahp-CodeIgniter4-master\system\CLI\CommandRunner.php(70): CodeIgniter\CLI\Commands->run('db:seed', Array)
#6 C:\Users\Sasa\Downloads\Fuzzy-Ahp-CodeIgniter4-master\system\CLI\CommandRunner.php(56): CodeIgniter\CLI\CommandRunner->index(Array)
#7 C:\Users\Sasa\Downloads\Fuzzy-Ahp-CodeIgniter4-master\system\CodeIgniter.php(830): CodeIgniter\CLI\CommandRunner->_remap('index', 'db:seed')
#8 C:\Users\Sasa\Downloads\Fuzzy-Ahp-CodeIgniter4-master\system\CodeIgniter.php(419): CodeIgniter\CodeIgniter->runController(Object(CodeIgniter\CLI\CommandRunner))
#9 C:\Users\Sasa\Downloads\Fuzzy-Ahp-CodeIgniter4-master\system\CodeIgniter.php(326): CodeIgniter\CodeIgniter->handleRequest(NULL, Object(Config\Cache), false)
#10 C:\Users\Sasa\Downloads\Fuzzy-Ahp-CodeIgniter4-master\system\CLI\Console.php(48): CodeIgniter\CodeIgniter->run()
#11 C:\Users\Sasa\Downloads\Fuzzy-Ahp-CodeIgniter4-master\spark(63): CodeIgniter\CLI\Console->run()
#12 {main}
ERROR - 2023-06-23 12:37:36 --> Error connecting to the database: No connection could be made because the target machine actively refused it
CRITICAL - 2023-06-23 12:37:36 --> Unable to connect to the database.
Main connection [MySQLi]: No connection could be made because the target machine actively refused it
#0 C:\Users\Sasa\Downloads\Fuzzy-Ahp-CodeIgniter4-master\system\Database\Database.php(67): CodeIgniter\Database\BaseConnection->initialize()
#1 C:\Users\Sasa\Downloads\Fuzzy-Ahp-CodeIgniter4-master\system\Database\Config.php(105): CodeIgniter\Database\Database->loadForge(Object(CodeIgniter\Database\MySQLi\Connection))
#2 C:\Users\Sasa\Downloads\Fuzzy-Ahp-CodeIgniter4-master\system\Database\Seeder.php(98): CodeIgniter\Database\Config::forge(NULL)
#3 C:\Users\Sasa\Downloads\Fuzzy-Ahp-CodeIgniter4-master\system\Commands\Database\Seed.php(69): CodeIgniter\Database\Seeder->__construct(Object(Config\Database))
#4 C:\Users\Sasa\Downloads\Fuzzy-Ahp-CodeIgniter4-master\system\CLI\Commands.php(63): CodeIgniter\Commands\Database\Seed->run(Array)
#5 C:\Users\Sasa\Downloads\Fuzzy-Ahp-CodeIgniter4-master\system\CLI\CommandRunner.php(70): CodeIgniter\CLI\Commands->run('db:seed', Array)
#6 C:\Users\Sasa\Downloads\Fuzzy-Ahp-CodeIgniter4-master\system\CLI\CommandRunner.php(56): CodeIgniter\CLI\CommandRunner->index(Array)
#7 C:\Users\Sasa\Downloads\Fuzzy-Ahp-CodeIgniter4-master\system\CodeIgniter.php(830): CodeIgniter\CLI\CommandRunner->_remap('index', 'db:seed')
#8 C:\Users\Sasa\Downloads\Fuzzy-Ahp-CodeIgniter4-master\system\CodeIgniter.php(419): CodeIgniter\CodeIgniter->runController(Object(CodeIgniter\CLI\CommandRunner))
#9 C:\Users\Sasa\Downloads\Fuzzy-Ahp-CodeIgniter4-master\system\CodeIgniter.php(326): CodeIgniter\CodeIgniter->handleRequest(NULL, Object(Config\Cache), false)
#10 C:\Users\Sasa\Downloads\Fuzzy-Ahp-CodeIgniter4-master\system\CLI\Console.php(48): CodeIgniter\CodeIgniter->run()
#11 C:\Users\Sasa\Downloads\Fuzzy-Ahp-CodeIgniter4-master\spark(63): CodeIgniter\CLI\Console->run()
#12 {main}
ERROR - 2023-06-23 12:38:02 --> Error connecting to the database: No connection could be made because the target machine actively refused it
CRITICAL - 2023-06-23 12:38:02 --> Unable to connect to the database.
Main connection [MySQLi]: No connection could be made because the target machine actively refused it
#0 C:\Users\Sasa\Downloads\Fuzzy-Ahp-CodeIgniter4-master\system\Database\Database.php(67): CodeIgniter\Database\BaseConnection->initialize()
#1 C:\Users\Sasa\Downloads\Fuzzy-Ahp-CodeIgniter4-master\system\Database\Config.php(105): CodeIgniter\Database\Database->loadForge(Object(CodeIgniter\Database\MySQLi\Connection))
#2 C:\Users\Sasa\Downloads\Fuzzy-Ahp-CodeIgniter4-master\system\Database\Seeder.php(98): CodeIgniter\Database\Config::forge(NULL)
#3 C:\Users\Sasa\Downloads\Fuzzy-Ahp-CodeIgniter4-master\system\Commands\Database\Seed.php(69): CodeIgniter\Database\Seeder->__construct(Object(Config\Database))
#4 C:\Users\Sasa\Downloads\Fuzzy-Ahp-CodeIgniter4-master\system\CLI\Commands.php(63): CodeIgniter\Commands\Database\Seed->run(Array)
#5 C:\Users\Sasa\Downloads\Fuzzy-Ahp-CodeIgniter4-master\system\CLI\CommandRunner.php(70): CodeIgniter\CLI\Commands->run('db:seed', Array)
#6 C:\Users\Sasa\Downloads\Fuzzy-Ahp-CodeIgniter4-master\system\CLI\CommandRunner.php(56): CodeIgniter\CLI\CommandRunner->index(Array)
#7 C:\Users\Sasa\Downloads\Fuzzy-Ahp-CodeIgniter4-master\system\CodeIgniter.php(830): CodeIgniter\CLI\CommandRunner->_remap('index', 'db:seed')
#8 C:\Users\Sasa\Downloads\Fuzzy-Ahp-CodeIgniter4-master\system\CodeIgniter.php(419): CodeIgniter\CodeIgniter->runController(Object(CodeIgniter\CLI\CommandRunner))
#9 C:\Users\Sasa\Downloads\Fuzzy-Ahp-CodeIgniter4-master\system\CodeIgniter.php(326): CodeIgniter\CodeIgniter->handleRequest(NULL, Object(Config\Cache), false)
#10 C:\Users\Sasa\Downloads\Fuzzy-Ahp-CodeIgniter4-master\system\CLI\Console.php(48): CodeIgniter\CodeIgniter->run()
#11 C:\Users\Sasa\Downloads\Fuzzy-Ahp-CodeIgniter4-master\spark(63): CodeIgniter\CLI\Console->run()
#12 {main}
ERROR - 2023-06-23 12:58:40 --> Error connecting to the database: Unknown database 'askha'
CRITICAL - 2023-06-23 12:58:40 --> Unable to connect to the database.
Main connection [MySQLi]: Unknown database 'askha'
#0 C:\Users\Sasa\Downloads\Fuzzy-Ahp-CodeIgniter4-master\system\Database\Database.php(67): CodeIgniter\Database\BaseConnection->initialize()
#1 C:\Users\Sasa\Downloads\Fuzzy-Ahp-CodeIgniter4-master\system\Database\Config.php(105): CodeIgniter\Database\Database->loadForge(Object(CodeIgniter\Database\MySQLi\Connection))
#2 C:\Users\Sasa\Downloads\Fuzzy-Ahp-CodeIgniter4-master\system\Database\Seeder.php(98): CodeIgniter\Database\Config::forge(NULL)
#3 C:\Users\Sasa\Downloads\Fuzzy-Ahp-CodeIgniter4-master\system\Commands\Database\Seed.php(69): CodeIgniter\Database\Seeder->__construct(Object(Config\Database))
#4 C:\Users\Sasa\Downloads\Fuzzy-Ahp-CodeIgniter4-master\system\CLI\Commands.php(63): CodeIgniter\Commands\Database\Seed->run(Array)
#5 C:\Users\Sasa\Downloads\Fuzzy-Ahp-CodeIgniter4-master\system\CLI\CommandRunner.php(70): CodeIgniter\CLI\Commands->run('db:seed', Array)
#6 C:\Users\Sasa\Downloads\Fuzzy-Ahp-CodeIgniter4-master\system\CLI\CommandRunner.php(56): CodeIgniter\CLI\CommandRunner->index(Array)
#7 C:\Users\Sasa\Downloads\Fuzzy-Ahp-CodeIgniter4-master\system\CodeIgniter.php(830): CodeIgniter\CLI\CommandRunner->_remap('index', 'db:seed')
#8 C:\Users\Sasa\Downloads\Fuzzy-Ahp-CodeIgniter4-master\system\CodeIgniter.php(419): CodeIgniter\CodeIgniter->runController(Object(CodeIgniter\CLI\CommandRunner))
#9 C:\Users\Sasa\Downloads\Fuzzy-Ahp-CodeIgniter4-master\system\CodeIgniter.php(326): CodeIgniter\CodeIgniter->handleRequest(NULL, Object(Config\Cache), false)
#10 C:\Users\Sasa\Downloads\Fuzzy-Ahp-CodeIgniter4-master\system\CLI\Console.php(48): CodeIgniter\CodeIgniter->run()
#11 C:\Users\Sasa\Downloads\Fuzzy-Ahp-CodeIgniter4-master\spark(63): CodeIgniter\CLI\Console->run()
#12 {main}
