ERROR - 2023-08-14 02:28:26 --> Error connecting to the database: Unknown database 'askha'
CRITICAL - 2023-08-14 02:28:26 --> Unable to connect to the database.
Main connection [MySQLi]: Unknown database 'askha'
#0 D:\Sistem Skripsi\Fuzzy\system\Database\BaseConnection.php(577): CodeIgniter\Database\BaseConnection->initialize()
#1 D:\Sistem Skripsi\Fuzzy\system\Database\BaseBuilder.php(1455): CodeIgniter\Database\BaseConnection->query('SELECT *\nFROM `...', Array, false)
#2 D:\Sistem Skripsi\Fuzzy\system\Model.php(728): CodeIgniter\Database\BaseBuilder->get()
#3 D:\Sistem Skripsi\Fuzzy\app\Controllers\Dashboard.php(19): CodeIgniter\Model->__call('get', Array)
#4 D:\Sistem Skripsi\Fuzzy\system\CodeIgniter.php(832): App\Controllers\Dashboard->index()
#5 D:\Sistem Skripsi\Fuzzy\system\CodeIgniter.php(419): CodeIgniter\CodeIgniter->runController(Object(App\Controllers\Dashboard))
#6 D:\Sistem Skripsi\Fuzzy\system\CodeIgniter.php(326): CodeIgniter\CodeIgniter->handleRequest(NULL, Object(Config\Cache), false)
#7 D:\Sistem Skripsi\Fuzzy\public\index.php(37): CodeIgniter\CodeIgniter->run()
#8 D:\Sistem Skripsi\Fuzzy\system\Commands\Server\rewrite.php(43): require_once('D:\\Sistem Skrip...')
#9 {main}
ERROR - 2023-08-14 02:41:46 --> Cannot delete or update a parent row: a foreign key constraint fails (`spk`.`subkriteria`, CONSTRAINT `subkriteria_id_kriteria_foreign` FOREIGN KEY (`id_kriteria`) REFERENCES `kriteria` (`id`))
CRITICAL - 2023-08-14 02:41:46 --> Cannot delete or update a parent row: a foreign key constraint fails (`spk`.`subkriteria`, CONSTRAINT `subkriteria_id_kriteria_foreign` FOREIGN KEY (`id_kriteria`) REFERENCES `kriteria` (`id`))
#0 D:\Sistem Skripsi\Fuzzy\system\Database\MySQLi\Connection.php(292): mysqli->query('DELETE FROM `kr...', 0)
#1 D:\Sistem Skripsi\Fuzzy\system\Database\BaseConnection.php(670): CodeIgniter\Database\MySQLi\Connection->execute('DELETE FROM `kr...')
#2 D:\Sistem Skripsi\Fuzzy\system\Database\BaseConnection.php(598): CodeIgniter\Database\BaseConnection->simpleQuery('DELETE FROM `kr...')
#3 D:\Sistem Skripsi\Fuzzy\system\Database\BaseBuilder.php(2225): CodeIgniter\Database\BaseConnection->query('DELETE FROM `kr...', Array, false)
#4 D:\Sistem Skripsi\Fuzzy\app\Models\KriteriaModel.php(33): CodeIgniter\Database\BaseBuilder->delete(Array)
#5 D:\Sistem Skripsi\Fuzzy\app\Controllers\Kriteria.php(60): App\Models\KriteriaModel->delete_kriteria('10')
#6 D:\Sistem Skripsi\Fuzzy\system\CodeIgniter.php(832): App\Controllers\Kriteria->delete('10')
#7 D:\Sistem Skripsi\Fuzzy\system\CodeIgniter.php(419): CodeIgniter\CodeIgniter->runController(Object(App\Controllers\Kriteria))
#8 D:\Sistem Skripsi\Fuzzy\system\CodeIgniter.php(326): CodeIgniter\CodeIgniter->handleRequest(NULL, Object(Config\Cache), false)
#9 D:\Sistem Skripsi\Fuzzy\public\index.php(37): CodeIgniter\CodeIgniter->run()
#10 D:\Sistem Skripsi\Fuzzy\system\Commands\Server\rewrite.php(43): require_once('D:\\Sistem Skrip...')
#11 {main}
ERROR - 2023-08-14 02:42:03 --> Cannot delete or update a parent row: a foreign key constraint fails (`spk`.`subkriteria`, CONSTRAINT `subkriteria_id_kriteria_foreign` FOREIGN KEY (`id_kriteria`) REFERENCES `kriteria` (`id`))
CRITICAL - 2023-08-14 02:42:03 --> Cannot delete or update a parent row: a foreign key constraint fails (`spk`.`subkriteria`, CONSTRAINT `subkriteria_id_kriteria_foreign` FOREIGN KEY (`id_kriteria`) REFERENCES `kriteria` (`id`))
#0 D:\Sistem Skripsi\Fuzzy\system\Database\MySQLi\Connection.php(292): mysqli->query('DELETE FROM `kr...', 0)
#1 D:\Sistem Skripsi\Fuzzy\system\Database\BaseConnection.php(670): CodeIgniter\Database\MySQLi\Connection->execute('DELETE FROM `kr...')
#2 D:\Sistem Skripsi\Fuzzy\system\Database\BaseConnection.php(598): CodeIgniter\Database\BaseConnection->simpleQuery('DELETE FROM `kr...')
#3 D:\Sistem Skripsi\Fuzzy\system\Database\BaseBuilder.php(2225): CodeIgniter\Database\BaseConnection->query('DELETE FROM `kr...', Array, false)
#4 D:\Sistem Skripsi\Fuzzy\app\Models\KriteriaModel.php(33): CodeIgniter\Database\BaseBuilder->delete(Array)
#5 D:\Sistem Skripsi\Fuzzy\app\Controllers\Kriteria.php(60): App\Models\KriteriaModel->delete_kriteria('10')
#6 D:\Sistem Skripsi\Fuzzy\system\CodeIgniter.php(832): App\Controllers\Kriteria->delete('10')
#7 D:\Sistem Skripsi\Fuzzy\system\CodeIgniter.php(419): CodeIgniter\CodeIgniter->runController(Object(App\Controllers\Kriteria))
#8 D:\Sistem Skripsi\Fuzzy\system\CodeIgniter.php(326): CodeIgniter\CodeIgniter->handleRequest(NULL, Object(Config\Cache), false)
#9 D:\Sistem Skripsi\Fuzzy\public\index.php(37): CodeIgniter\CodeIgniter->run()
#10 D:\Sistem Skripsi\Fuzzy\system\Commands\Server\rewrite.php(43): require_once('D:\\Sistem Skrip...')
#11 {main}
ERROR - 2023-08-14 02:42:55 --> Cannot delete or update a parent row: a foreign key constraint fails (`spk`.`subkriteria`, CONSTRAINT `subkriteria_id_kriteria_foreign` FOREIGN KEY (`id_kriteria`) REFERENCES `kriteria` (`id`))
CRITICAL - 2023-08-14 02:42:55 --> Cannot delete or update a parent row: a foreign key constraint fails (`spk`.`subkriteria`, CONSTRAINT `subkriteria_id_kriteria_foreign` FOREIGN KEY (`id_kriteria`) REFERENCES `kriteria` (`id`))
#0 D:\Sistem Skripsi\Fuzzy\system\Database\MySQLi\Connection.php(292): mysqli->query('DELETE FROM `kr...', 0)
#1 D:\Sistem Skripsi\Fuzzy\system\Database\BaseConnection.php(670): CodeIgniter\Database\MySQLi\Connection->execute('DELETE FROM `kr...')
#2 D:\Sistem Skripsi\Fuzzy\system\Database\BaseConnection.php(598): CodeIgniter\Database\BaseConnection->simpleQuery('DELETE FROM `kr...')
#3 D:\Sistem Skripsi\Fuzzy\system\Database\BaseBuilder.php(2225): CodeIgniter\Database\BaseConnection->query('DELETE FROM `kr...', Array, false)
#4 D:\Sistem Skripsi\Fuzzy\app\Models\KriteriaModel.php(33): CodeIgniter\Database\BaseBuilder->delete(Array)
#5 D:\Sistem Skripsi\Fuzzy\app\Controllers\Kriteria.php(60): App\Models\KriteriaModel->delete_kriteria('1')
#6 D:\Sistem Skripsi\Fuzzy\system\CodeIgniter.php(832): App\Controllers\Kriteria->delete('1')
#7 D:\Sistem Skripsi\Fuzzy\system\CodeIgniter.php(419): CodeIgniter\CodeIgniter->runController(Object(App\Controllers\Kriteria))
#8 D:\Sistem Skripsi\Fuzzy\system\CodeIgniter.php(326): CodeIgniter\CodeIgniter->handleRequest(NULL, Object(Config\Cache), false)
#9 D:\Sistem Skripsi\Fuzzy\public\index.php(37): CodeIgniter\CodeIgniter->run()
#10 D:\Sistem Skripsi\Fuzzy\system\Commands\Server\rewrite.php(43): require_once('D:\\Sistem Skrip...')
#11 {main}
ERROR - 2023-08-14 02:43:58 --> Cannot delete or update a parent row: a foreign key constraint fails (`spk`.`subkriteria`, CONSTRAINT `subkriteria_id_kriteria_foreign` FOREIGN KEY (`id_kriteria`) REFERENCES `kriteria` (`id`))
CRITICAL - 2023-08-14 02:43:58 --> Cannot delete or update a parent row: a foreign key constraint fails (`spk`.`subkriteria`, CONSTRAINT `subkriteria_id_kriteria_foreign` FOREIGN KEY (`id_kriteria`) REFERENCES `kriteria` (`id`))
#0 D:\Sistem Skripsi\Fuzzy\system\Database\MySQLi\Connection.php(292): mysqli->query('DELETE FROM `kr...', 0)
#1 D:\Sistem Skripsi\Fuzzy\system\Database\BaseConnection.php(670): CodeIgniter\Database\MySQLi\Connection->execute('DELETE FROM `kr...')
#2 D:\Sistem Skripsi\Fuzzy\system\Database\BaseConnection.php(598): CodeIgniter\Database\BaseConnection->simpleQuery('DELETE FROM `kr...')
#3 D:\Sistem Skripsi\Fuzzy\system\Database\BaseBuilder.php(2225): CodeIgniter\Database\BaseConnection->query('DELETE FROM `kr...', Array, false)
#4 D:\Sistem Skripsi\Fuzzy\app\Models\KriteriaModel.php(33): CodeIgniter\Database\BaseBuilder->delete(Array)
#5 D:\Sistem Skripsi\Fuzzy\app\Controllers\Kriteria.php(60): App\Models\KriteriaModel->delete_kriteria('10')
#6 D:\Sistem Skripsi\Fuzzy\system\CodeIgniter.php(832): App\Controllers\Kriteria->delete('10')
#7 D:\Sistem Skripsi\Fuzzy\system\CodeIgniter.php(419): CodeIgniter\CodeIgniter->runController(Object(App\Controllers\Kriteria))
#8 D:\Sistem Skripsi\Fuzzy\system\CodeIgniter.php(326): CodeIgniter\CodeIgniter->handleRequest(NULL, Object(Config\Cache), false)
#9 D:\Sistem Skripsi\Fuzzy\public\index.php(37): CodeIgniter\CodeIgniter->run()
#10 D:\Sistem Skripsi\Fuzzy\system\Commands\Server\rewrite.php(43): require_once('D:\\Sistem Skrip...')
#11 {main}
ERROR - 2023-08-14 02:48:19 --> Cannot delete or update a parent row: a foreign key constraint fails (`spk`.`subkriteria`, CONSTRAINT `subkriteria_id_kriteria_foreign` FOREIGN KEY (`id_kriteria`) REFERENCES `kriteria` (`id`))
CRITICAL - 2023-08-14 02:48:19 --> Cannot delete or update a parent row: a foreign key constraint fails (`spk`.`subkriteria`, CONSTRAINT `subkriteria_id_kriteria_foreign` FOREIGN KEY (`id_kriteria`) REFERENCES `kriteria` (`id`))
#0 D:\Sistem Skripsi\Fuzzy\system\Database\MySQLi\Connection.php(292): mysqli->query('DELETE FROM `kr...', 0)
#1 D:\Sistem Skripsi\Fuzzy\system\Database\BaseConnection.php(670): CodeIgniter\Database\MySQLi\Connection->execute('DELETE FROM `kr...')
#2 D:\Sistem Skripsi\Fuzzy\system\Database\BaseConnection.php(598): CodeIgniter\Database\BaseConnection->simpleQuery('DELETE FROM `kr...')
#3 D:\Sistem Skripsi\Fuzzy\system\Database\BaseBuilder.php(2225): CodeIgniter\Database\BaseConnection->query('DELETE FROM `kr...', Array, false)
#4 D:\Sistem Skripsi\Fuzzy\app\Models\KriteriaModel.php(33): CodeIgniter\Database\BaseBuilder->delete(Array)
#5 D:\Sistem Skripsi\Fuzzy\app\Controllers\Kriteria.php(60): App\Models\KriteriaModel->delete_kriteria('10')
#6 D:\Sistem Skripsi\Fuzzy\system\CodeIgniter.php(832): App\Controllers\Kriteria->delete('10')
#7 D:\Sistem Skripsi\Fuzzy\system\CodeIgniter.php(419): CodeIgniter\CodeIgniter->runController(Object(App\Controllers\Kriteria))
#8 D:\Sistem Skripsi\Fuzzy\system\CodeIgniter.php(326): CodeIgniter\CodeIgniter->handleRequest(NULL, Object(Config\Cache), false)
#9 D:\Sistem Skripsi\Fuzzy\public\index.php(37): CodeIgniter\CodeIgniter->run()
#10 D:\Sistem Skripsi\Fuzzy\system\Commands\Server\rewrite.php(43): require_once('D:\\Sistem Skrip...')
#11 {main}
ERROR - 2023-08-14 02:48:24 --> Cannot delete or update a parent row: a foreign key constraint fails (`spk`.`subkriteria`, CONSTRAINT `subkriteria_id_kriteria_foreign` FOREIGN KEY (`id_kriteria`) REFERENCES `kriteria` (`id`))
CRITICAL - 2023-08-14 02:48:24 --> Cannot delete or update a parent row: a foreign key constraint fails (`spk`.`subkriteria`, CONSTRAINT `subkriteria_id_kriteria_foreign` FOREIGN KEY (`id_kriteria`) REFERENCES `kriteria` (`id`))
#0 D:\Sistem Skripsi\Fuzzy\system\Database\MySQLi\Connection.php(292): mysqli->query('DELETE FROM `kr...', 0)
#1 D:\Sistem Skripsi\Fuzzy\system\Database\BaseConnection.php(670): CodeIgniter\Database\MySQLi\Connection->execute('DELETE FROM `kr...')
#2 D:\Sistem Skripsi\Fuzzy\system\Database\BaseConnection.php(598): CodeIgniter\Database\BaseConnection->simpleQuery('DELETE FROM `kr...')
#3 D:\Sistem Skripsi\Fuzzy\system\Database\BaseBuilder.php(2225): CodeIgniter\Database\BaseConnection->query('DELETE FROM `kr...', Array, false)
#4 D:\Sistem Skripsi\Fuzzy\app\Models\KriteriaModel.php(33): CodeIgniter\Database\BaseBuilder->delete(Array)
#5 D:\Sistem Skripsi\Fuzzy\app\Controllers\Kriteria.php(60): App\Models\KriteriaModel->delete_kriteria('10')
#6 D:\Sistem Skripsi\Fuzzy\system\CodeIgniter.php(832): App\Controllers\Kriteria->delete('10')
#7 D:\Sistem Skripsi\Fuzzy\system\CodeIgniter.php(419): CodeIgniter\CodeIgniter->runController(Object(App\Controllers\Kriteria))
#8 D:\Sistem Skripsi\Fuzzy\system\CodeIgniter.php(326): CodeIgniter\CodeIgniter->handleRequest(NULL, Object(Config\Cache), false)
#9 D:\Sistem Skripsi\Fuzzy\public\index.php(37): CodeIgniter\CodeIgniter->run()
#10 D:\Sistem Skripsi\Fuzzy\system\Commands\Server\rewrite.php(43): require_once('D:\\Sistem Skrip...')
#11 {main}
ERROR - 2023-08-14 02:48:42 --> Cannot delete or update a parent row: a foreign key constraint fails (`spk`.`subkriteria`, CONSTRAINT `subkriteria_id_kriteria_foreign` FOREIGN KEY (`id_kriteria`) REFERENCES `kriteria` (`id`))
CRITICAL - 2023-08-14 02:48:42 --> Cannot delete or update a parent row: a foreign key constraint fails (`spk`.`subkriteria`, CONSTRAINT `subkriteria_id_kriteria_foreign` FOREIGN KEY (`id_kriteria`) REFERENCES `kriteria` (`id`))
#0 D:\Sistem Skripsi\Fuzzy\system\Database\MySQLi\Connection.php(292): mysqli->query('DELETE FROM `kr...', 0)
#1 D:\Sistem Skripsi\Fuzzy\system\Database\BaseConnection.php(670): CodeIgniter\Database\MySQLi\Connection->execute('DELETE FROM `kr...')
#2 D:\Sistem Skripsi\Fuzzy\system\Database\BaseConnection.php(598): CodeIgniter\Database\BaseConnection->simpleQuery('DELETE FROM `kr...')
#3 D:\Sistem Skripsi\Fuzzy\system\Database\BaseBuilder.php(2225): CodeIgniter\Database\BaseConnection->query('DELETE FROM `kr...', Array, false)
#4 D:\Sistem Skripsi\Fuzzy\app\Models\KriteriaModel.php(33): CodeIgniter\Database\BaseBuilder->delete(Array)
#5 D:\Sistem Skripsi\Fuzzy\app\Controllers\Kriteria.php(60): App\Models\KriteriaModel->delete_kriteria('10')
#6 D:\Sistem Skripsi\Fuzzy\system\CodeIgniter.php(832): App\Controllers\Kriteria->delete('10')
#7 D:\Sistem Skripsi\Fuzzy\system\CodeIgniter.php(419): CodeIgniter\CodeIgniter->runController(Object(App\Controllers\Kriteria))
#8 D:\Sistem Skripsi\Fuzzy\system\CodeIgniter.php(326): CodeIgniter\CodeIgniter->handleRequest(NULL, Object(Config\Cache), false)
#9 D:\Sistem Skripsi\Fuzzy\public\index.php(37): CodeIgniter\CodeIgniter->run()
#10 D:\Sistem Skripsi\Fuzzy\system\Commands\Server\rewrite.php(43): require_once('D:\\Sistem Skrip...')
#11 {main}
ERROR - 2023-08-14 02:48:43 --> Cannot delete or update a parent row: a foreign key constraint fails (`spk`.`subkriteria`, CONSTRAINT `subkriteria_id_kriteria_foreign` FOREIGN KEY (`id_kriteria`) REFERENCES `kriteria` (`id`))
CRITICAL - 2023-08-14 02:48:43 --> Cannot delete or update a parent row: a foreign key constraint fails (`spk`.`subkriteria`, CONSTRAINT `subkriteria_id_kriteria_foreign` FOREIGN KEY (`id_kriteria`) REFERENCES `kriteria` (`id`))
#0 D:\Sistem Skripsi\Fuzzy\system\Database\MySQLi\Connection.php(292): mysqli->query('DELETE FROM `kr...', 0)
#1 D:\Sistem Skripsi\Fuzzy\system\Database\BaseConnection.php(670): CodeIgniter\Database\MySQLi\Connection->execute('DELETE FROM `kr...')
#2 D:\Sistem Skripsi\Fuzzy\system\Database\BaseConnection.php(598): CodeIgniter\Database\BaseConnection->simpleQuery('DELETE FROM `kr...')
#3 D:\Sistem Skripsi\Fuzzy\system\Database\BaseBuilder.php(2225): CodeIgniter\Database\BaseConnection->query('DELETE FROM `kr...', Array, false)
#4 D:\Sistem Skripsi\Fuzzy\app\Models\KriteriaModel.php(33): CodeIgniter\Database\BaseBuilder->delete(Array)
#5 D:\Sistem Skripsi\Fuzzy\app\Controllers\Kriteria.php(60): App\Models\KriteriaModel->delete_kriteria('10')
#6 D:\Sistem Skripsi\Fuzzy\system\CodeIgniter.php(832): App\Controllers\Kriteria->delete('10')
#7 D:\Sistem Skripsi\Fuzzy\system\CodeIgniter.php(419): CodeIgniter\CodeIgniter->runController(Object(App\Controllers\Kriteria))
#8 D:\Sistem Skripsi\Fuzzy\system\CodeIgniter.php(326): CodeIgniter\CodeIgniter->handleRequest(NULL, Object(Config\Cache), false)
#9 D:\Sistem Skripsi\Fuzzy\public\index.php(37): CodeIgniter\CodeIgniter->run()
#10 D:\Sistem Skripsi\Fuzzy\system\Commands\Server\rewrite.php(43): require_once('D:\\Sistem Skrip...')
#11 {main}
ERROR - 2023-08-14 02:48:53 --> Cannot delete or update a parent row: a foreign key constraint fails (`spk`.`subkriteria`, CONSTRAINT `subkriteria_id_kriteria_foreign` FOREIGN KEY (`id_kriteria`) REFERENCES `kriteria` (`id`))
CRITICAL - 2023-08-14 02:48:53 --> Cannot delete or update a parent row: a foreign key constraint fails (`spk`.`subkriteria`, CONSTRAINT `subkriteria_id_kriteria_foreign` FOREIGN KEY (`id_kriteria`) REFERENCES `kriteria` (`id`))
#0 D:\Sistem Skripsi\Fuzzy\system\Database\MySQLi\Connection.php(292): mysqli->query('DELETE FROM `kr...', 0)
#1 D:\Sistem Skripsi\Fuzzy\system\Database\BaseConnection.php(670): CodeIgniter\Database\MySQLi\Connection->execute('DELETE FROM `kr...')
#2 D:\Sistem Skripsi\Fuzzy\system\Database\BaseConnection.php(598): CodeIgniter\Database\BaseConnection->simpleQuery('DELETE FROM `kr...')
#3 D:\Sistem Skripsi\Fuzzy\system\Database\BaseBuilder.php(2225): CodeIgniter\Database\BaseConnection->query('DELETE FROM `kr...', Array, false)
#4 D:\Sistem Skripsi\Fuzzy\app\Models\KriteriaModel.php(33): CodeIgniter\Database\BaseBuilder->delete(Array)
#5 D:\Sistem Skripsi\Fuzzy\app\Controllers\Kriteria.php(60): App\Models\KriteriaModel->delete_kriteria('10')
#6 D:\Sistem Skripsi\Fuzzy\system\CodeIgniter.php(832): App\Controllers\Kriteria->delete('10')
#7 D:\Sistem Skripsi\Fuzzy\system\CodeIgniter.php(419): CodeIgniter\CodeIgniter->runController(Object(App\Controllers\Kriteria))
#8 D:\Sistem Skripsi\Fuzzy\system\CodeIgniter.php(326): CodeIgniter\CodeIgniter->handleRequest(NULL, Object(Config\Cache), false)
#9 D:\Sistem Skripsi\Fuzzy\public\index.php(37): CodeIgniter\CodeIgniter->run()
#10 D:\Sistem Skripsi\Fuzzy\system\Commands\Server\rewrite.php(43): require_once('D:\\Sistem Skrip...')
#11 {main}
ERROR - 2023-08-14 02:54:43 --> Cannot delete or update a parent row: a foreign key constraint fails (`spk`.`subkriteria`, CONSTRAINT `subkriteria_id_kriteria_foreign` FOREIGN KEY (`id_kriteria`) REFERENCES `kriteria` (`id`))
CRITICAL - 2023-08-14 02:54:43 --> Cannot delete or update a parent row: a foreign key constraint fails (`spk`.`subkriteria`, CONSTRAINT `subkriteria_id_kriteria_foreign` FOREIGN KEY (`id_kriteria`) REFERENCES `kriteria` (`id`))
#0 D:\Sistem Skripsi\Fuzzy\system\Database\MySQLi\Connection.php(292): mysqli->query('DELETE FROM `kr...', 0)
#1 D:\Sistem Skripsi\Fuzzy\system\Database\BaseConnection.php(670): CodeIgniter\Database\MySQLi\Connection->execute('DELETE FROM `kr...')
#2 D:\Sistem Skripsi\Fuzzy\system\Database\BaseConnection.php(598): CodeIgniter\Database\BaseConnection->simpleQuery('DELETE FROM `kr...')
#3 D:\Sistem Skripsi\Fuzzy\system\Database\BaseBuilder.php(2225): CodeIgniter\Database\BaseConnection->query('DELETE FROM `kr...', Array, false)
#4 D:\Sistem Skripsi\Fuzzy\app\Models\KriteriaModel.php(33): CodeIgniter\Database\BaseBuilder->delete(Array)
#5 D:\Sistem Skripsi\Fuzzy\app\Controllers\Kriteria.php(60): App\Models\KriteriaModel->delete_kriteria('10')
#6 D:\Sistem Skripsi\Fuzzy\system\CodeIgniter.php(832): App\Controllers\Kriteria->delete('10')
#7 D:\Sistem Skripsi\Fuzzy\system\CodeIgniter.php(419): CodeIgniter\CodeIgniter->runController(Object(App\Controllers\Kriteria))
#8 D:\Sistem Skripsi\Fuzzy\system\CodeIgniter.php(326): CodeIgniter\CodeIgniter->handleRequest(NULL, Object(Config\Cache), false)
#9 D:\Sistem Skripsi\Fuzzy\public\index.php(37): CodeIgniter\CodeIgniter->run()
#10 D:\Sistem Skripsi\Fuzzy\system\Commands\Server\rewrite.php(43): require_once('D:\\Sistem Skrip...')
#11 {main}
ERROR - 2023-08-14 02:55:09 --> Cannot delete or update a parent row: a foreign key constraint fails (`spk`.`subkriteria`, CONSTRAINT `subkriteria_id_kriteria_foreign` FOREIGN KEY (`id_kriteria`) REFERENCES `kriteria` (`id`))
CRITICAL - 2023-08-14 02:55:09 --> Cannot delete or update a parent row: a foreign key constraint fails (`spk`.`subkriteria`, CONSTRAINT `subkriteria_id_kriteria_foreign` FOREIGN KEY (`id_kriteria`) REFERENCES `kriteria` (`id`))
#0 D:\Sistem Skripsi\Fuzzy\system\Database\MySQLi\Connection.php(292): mysqli->query('DELETE FROM `kr...', 0)
#1 D:\Sistem Skripsi\Fuzzy\system\Database\BaseConnection.php(670): CodeIgniter\Database\MySQLi\Connection->execute('DELETE FROM `kr...')
#2 D:\Sistem Skripsi\Fuzzy\system\Database\BaseConnection.php(598): CodeIgniter\Database\BaseConnection->simpleQuery('DELETE FROM `kr...')
#3 D:\Sistem Skripsi\Fuzzy\system\Database\BaseBuilder.php(2225): CodeIgniter\Database\BaseConnection->query('DELETE FROM `kr...', Array, false)
#4 D:\Sistem Skripsi\Fuzzy\app\Models\KriteriaModel.php(33): CodeIgniter\Database\BaseBuilder->delete(Array)
#5 D:\Sistem Skripsi\Fuzzy\app\Controllers\Kriteria.php(60): App\Models\KriteriaModel->delete_kriteria('10')
#6 D:\Sistem Skripsi\Fuzzy\system\CodeIgniter.php(832): App\Controllers\Kriteria->delete('10')
#7 D:\Sistem Skripsi\Fuzzy\system\CodeIgniter.php(419): CodeIgniter\CodeIgniter->runController(Object(App\Controllers\Kriteria))
#8 D:\Sistem Skripsi\Fuzzy\system\CodeIgniter.php(326): CodeIgniter\CodeIgniter->handleRequest(NULL, Object(Config\Cache), false)
#9 D:\Sistem Skripsi\Fuzzy\public\index.php(37): CodeIgniter\CodeIgniter->run()
#10 D:\Sistem Skripsi\Fuzzy\system\Commands\Server\rewrite.php(43): require_once('D:\\Sistem Skrip...')
#11 {main}
ERROR - 2023-08-14 02:55:12 --> Cannot delete or update a parent row: a foreign key constraint fails (`spk`.`subkriteria`, CONSTRAINT `subkriteria_id_kriteria_foreign` FOREIGN KEY (`id_kriteria`) REFERENCES `kriteria` (`id`))
CRITICAL - 2023-08-14 02:55:12 --> Cannot delete or update a parent row: a foreign key constraint fails (`spk`.`subkriteria`, CONSTRAINT `subkriteria_id_kriteria_foreign` FOREIGN KEY (`id_kriteria`) REFERENCES `kriteria` (`id`))
#0 D:\Sistem Skripsi\Fuzzy\system\Database\MySQLi\Connection.php(292): mysqli->query('DELETE FROM `kr...', 0)
#1 D:\Sistem Skripsi\Fuzzy\system\Database\BaseConnection.php(670): CodeIgniter\Database\MySQLi\Connection->execute('DELETE FROM `kr...')
#2 D:\Sistem Skripsi\Fuzzy\system\Database\BaseConnection.php(598): CodeIgniter\Database\BaseConnection->simpleQuery('DELETE FROM `kr...')
#3 D:\Sistem Skripsi\Fuzzy\system\Database\BaseBuilder.php(2225): CodeIgniter\Database\BaseConnection->query('DELETE FROM `kr...', Array, false)
#4 D:\Sistem Skripsi\Fuzzy\app\Models\KriteriaModel.php(33): CodeIgniter\Database\BaseBuilder->delete(Array)
#5 D:\Sistem Skripsi\Fuzzy\app\Controllers\Kriteria.php(60): App\Models\KriteriaModel->delete_kriteria('10')
#6 D:\Sistem Skripsi\Fuzzy\system\CodeIgniter.php(832): App\Controllers\Kriteria->delete('10')
#7 D:\Sistem Skripsi\Fuzzy\system\CodeIgniter.php(419): CodeIgniter\CodeIgniter->runController(Object(App\Controllers\Kriteria))
#8 D:\Sistem Skripsi\Fuzzy\system\CodeIgniter.php(326): CodeIgniter\CodeIgniter->handleRequest(NULL, Object(Config\Cache), false)
#9 D:\Sistem Skripsi\Fuzzy\public\index.php(37): CodeIgniter\CodeIgniter->run()
#10 D:\Sistem Skripsi\Fuzzy\system\Commands\Server\rewrite.php(43): require_once('D:\\Sistem Skrip...')
#11 {main}
ERROR - 2023-08-14 02:58:41 --> Cannot delete or update a parent row: a foreign key constraint fails (`spk`.`subkriteria`, CONSTRAINT `subkriteria_id_kriteria_foreign` FOREIGN KEY (`id_kriteria`) REFERENCES `kriteria` (`id`))
CRITICAL - 2023-08-14 02:58:41 --> Cannot delete or update a parent row: a foreign key constraint fails (`spk`.`subkriteria`, CONSTRAINT `subkriteria_id_kriteria_foreign` FOREIGN KEY (`id_kriteria`) REFERENCES `kriteria` (`id`))
#0 D:\Sistem Skripsi\Fuzzy\system\Database\MySQLi\Connection.php(292): mysqli->query('DELETE FROM `kr...', 0)
#1 D:\Sistem Skripsi\Fuzzy\system\Database\BaseConnection.php(670): CodeIgniter\Database\MySQLi\Connection->execute('DELETE FROM `kr...')
#2 D:\Sistem Skripsi\Fuzzy\system\Database\BaseConnection.php(598): CodeIgniter\Database\BaseConnection->simpleQuery('DELETE FROM `kr...')
#3 D:\Sistem Skripsi\Fuzzy\system\Database\BaseBuilder.php(2225): CodeIgniter\Database\BaseConnection->query('DELETE FROM `kr...', Array, false)
#4 D:\Sistem Skripsi\Fuzzy\app\Models\KriteriaModel.php(33): CodeIgniter\Database\BaseBuilder->delete(Array)
#5 D:\Sistem Skripsi\Fuzzy\app\Controllers\Kriteria.php(60): App\Models\KriteriaModel->delete_kriteria('5')
#6 D:\Sistem Skripsi\Fuzzy\system\CodeIgniter.php(832): App\Controllers\Kriteria->delete('5')
#7 D:\Sistem Skripsi\Fuzzy\system\CodeIgniter.php(419): CodeIgniter\CodeIgniter->runController(Object(App\Controllers\Kriteria))
#8 D:\Sistem Skripsi\Fuzzy\system\CodeIgniter.php(326): CodeIgniter\CodeIgniter->handleRequest(NULL, Object(Config\Cache), false)
#9 D:\Sistem Skripsi\Fuzzy\public\index.php(37): CodeIgniter\CodeIgniter->run()
#10 D:\Sistem Skripsi\Fuzzy\system\Commands\Server\rewrite.php(43): require_once('D:\\Sistem Skrip...')
#11 {main}
